2018-08-20 19:31:07,535 [main] DEBUG TradeReportingMain - **************************************************************
2018-08-20 19:31:07,535 [main] DEBUG TradeReportingMain - **********Trade reporting app started ************************
2018-08-20 19:31:07,535 [main] DEBUG TradeReportingMain - **************************************************************
2018-08-20 19:31:07,708 [main] DEBUG TextFileReportCreator - ****** Total Settlement Amount for Outgoing(Buy) Trades based on settlement date********
2018-08-20 19:31:07,710 [main] DEBUG TextFileReportCreator - Settlement Date: 15 Feb 2018, TotalAmount: 2352.00 USD
2018-08-20 19:31:07,710 [main] DEBUG TextFileReportCreator - Settlement Date: 18 Feb 2018, TotalAmount: 9600.00 USD
2018-08-20 19:31:07,710 [main] DEBUG TextFileReportCreator - Settlement Date: 19 Feb 2018, TotalAmount: 6861.25 USD
2018-08-20 19:31:07,710 [main] DEBUG TextFileReportCreator - ****** Settlement Amount for Incoming(Sell) Trades based on settlement date********
2018-08-20 19:31:07,711 [main] DEBUG TextFileReportCreator - Settlement Date: 16 Feb 2018, TotalAmount: 32000.00 USD
2018-08-20 19:31:07,711 [main] DEBUG TextFileReportCreator - Settlement Date: 18 Feb 2018, TotalAmount: 42067.00 USD
2018-08-20 19:31:07,711 [main] DEBUG TextFileReportCreator - Settlement Date: 19 Feb 2018, TotalAmount: 9796.00 USD
2018-08-20 19:31:07,721 [main] DEBUG TextFileReportCreator - ****** Total Settlement Amount for Buy(Outgoing) Trades Based On Entity In Descending Order********
2018-08-20 19:31:07,721 [main] DEBUG TextFileReportCreator - Entity Name: Yahoo, TotalAmount: 9600.00 USD
2018-08-20 19:31:07,721 [main] DEBUG TextFileReportCreator - Entity Name: Apple, TotalAmount: 6672.00 USD
2018-08-20 19:31:07,722 [main] DEBUG TextFileReportCreator - Entity Name: MS, TotalAmount: 2541.25 USD
2018-08-20 19:31:07,722 [main] DEBUG TextFileReportCreator - ****** Total Settlement Amount for Sell(Incoming) Trades Based On Entity In Descending Order********
2018-08-20 19:31:07,722 [main] DEBUG TextFileReportCreator - Entity Name: VRSN, TotalAmount: 35400.00 USD
2018-08-20 19:31:07,722 [main] DEBUG TextFileReportCreator - Entity Name: MS, TotalAmount: 32000.00 USD
2018-08-20 19:31:07,722 [main] DEBUG TextFileReportCreator - Entity Name: Yahoo, TotalAmount: 9796.00 USD
2018-08-20 19:31:07,723 [main] DEBUG TextFileReportCreator - Entity Name: Goog, TotalAmount: 6667.00 USD
2018-08-20 19:31:07,723 [main] DEBUG TradeReportingMain - ********** Report has been created at logs/tradereporting.log************************
